================================
The script call with arguments: 
Event url: https://www.adidas.ru/adidasrunners/community/moscow/event/training-3?cm_sp=RUNNING_HUB-_-LOGGEDIN-_-TRAINING-3
Email: vvkovyazin@miem.hse.ru
Password: Vladislav.2001
Notify email: adidasscript@yandex.ru
User is signed up to event: False
================================
================================
The script call with arguments: 
Event url: https://www.adidas.ru/adidasrunners/community/moscow/event/training-3?cm_sp=RUNNING_HUB-_-LOGGEDIN-_-TRAINING-3
Email: vvkovyazin@miem.hse.ru
Password: Vladislav.2001
Notify email: adidasscript@yandex.ru
User is signed up to event: False
================================
================================
The script call with arguments: 
Event url: https://www.adidas.ru/adidasrunners/community/moscow/event/training-3?cm_sp=RUNNING_HUB-_-LOGGEDIN-_-TRAINING-3
Email: vvkovyazin@miem.hse.ru
Password: Vladislav.2001
Notify email: adidasscript@yandex.ru
User is signed up to event: False
================================
================================
The script call with arguments: 
Event url: https://www.adidas.ru/adidasrunners/community/moscow/event/training-3?cm_sp=RUNNING_HUB-_-LOGGEDIN-_-TRAINING-3
Email: vvkovyazin@miem.hse.ru
Password: Vladislav.2001
Notify email: adidasscript@yandex.ru
User is signed up to event: True
================================
================================
The script call with arguments: 
Event url: https://www.adidas.ru/adidasrunners/community/moscow/event/training-3?cm_sp=RUNNING_HUB-_-LOGGEDIN-_-TRAINING-3
Email: vvkovyazin@miem.hse.ru
Password: Vladislav.2001
Notify email: adidasscript@yandex.ru
User is signed up to event: True
================================
